# JRE version: Java(TM) SE Runtime Environment (11.0.2+7) (build 11.0.2+7-LTS)
# Java VM: Java HotSpot(TM) 64-Bit Server VM (11.0.2+7-LTS, mixed mode, tiered, compressed oops, g1 gc, linux-amd64)
Heap:
 garbage-first heap   total 183296K, used 40312K [0x00000000cb000000, 0x0000000100000000)
  region size 1024K, 7 young (7168K), 7 survivors (7168K)
 Metaspace       used 65526K, capacity 67377K, committed 67584K, reserved 1107968K
  class space    used 8634K, capacity 9366K, committed 9472K, reserved 1048576K
GC Heap History (10 events):
Event: 19,774 GC heap after
{Heap after GC invocations=19 (full 0):
 garbage-first heap   total 128000K, used 26628K [0x00000000cb000000, 0x0000000100000000)
  region size 1024K, 2 young (2048K), 2 survivors (2048K)
 Metaspace       used 39499K, capacity 40699K, committed 41088K, reserved 1085440K
  class space    used 4900K, capacity 5389K, committed 5504K, reserved 1048576K
}
Event: 23,415 GC heap before
{Heap before GC invocations=19 (full 0):
 garbage-first heap   total 128000K, used 80900K [0x00000000cb000000, 0x0000000100000000)
  region size 1024K, 55 young (56320K), 2 survivors (2048K)
 Metaspace       used 46750K, capacity 48013K, committed 48256K, reserved 1091584K
  class space    used 5956K, capacity 6473K, committed 6528K, reserved 1048576K
}
Event: 23,527 GC heap after
{Heap after GC invocations=20 (full 0):
 garbage-first heap   total 128000K, used 29413K [0x00000000cb000000, 0x0000000100000000)
  region size 1024K, 5 young (5120K), 5 survivors (5120K)
 Metaspace       used 46750K, capacity 48013K, committed 48256K, reserved 1091584K
  class space    used 5956K, capacity 6473K, committed 6528K, reserved 1048576K
}
Event: 29,411 GC heap before
{Heap before GC invocations=20 (full 0):
 garbage-first heap   total 128000K, used 85733K [0x00000000cb000000, 0x0000000100000000)
  region size 1024K, 60 young (61440K), 5 survivors (5120K)
 Metaspace       used 53795K, capacity 55142K, committed 55680K, reserved 1097728K
  class space    used 6967K, capacity 7476K, committed 7552K, reserved 1048576K
}
Event: 29,470 GC heap after
{Heap after GC invocations=21 (full 0):
 garbage-first heap   total 128000K, used 31178K [0x00000000cb000000, 0x0000000100000000)
  region size 1024K, 5 young (5120K), 5 survivors (5120K)
 Metaspace       used 53795K, capacity 55142K, committed 55680K, reserved 1097728K
  class space    used 6967K, capacity 7476K, committed 7552K, reserved 1048576K
}
Event: 34,486 GC heap before
{Heap before GC invocations=21 (full 0):
 garbage-first heap   total 128000K, used 81354K [0x00000000cb000000, 0x0000000100000000)
  region size 1024K, 55 young (56320K), 5 survivors (5120K)
 Metaspace       used 58180K, capacity 59710K, committed 59904K, reserved 1101824K
  class space    used 7600K, capacity 8168K, committed 8192K, reserved 1048576K
}
Event: 34,708 GC heap after
{Heap after GC invocations=22 (full 0):
 garbage-first heap   total 128000K, used 33572K [0x00000000cb000000, 0x0000000100000000)
  region size 1024K, 7 young (7168K), 7 survivors (7168K)
 Metaspace       used 58180K, capacity 59710K, committed 59904K, reserved 1101824K
  class space    used 7600K, capacity 8168K, committed 8192K, reserved 1048576K
}
Event: 46,700 GC heap before
{Heap before GC invocations=23 (full 0):
 garbage-first heap   total 128000K, used 91940K [0x00000000cb000000, 0x0000000100000000)
  region size 1024K, 64 young (65536K), 7 survivors (7168K)
 Metaspace       used 62440K, capacity 64130K, committed 64256K, reserved 1103872K
  class space    used 8218K, capacity 8885K, committed 8960K, reserved 1048576K
}
Event: 47,055 GC heap after
{Heap after GC invocations=24 (full 0):
 garbage-first heap   total 128000K, used 36954K [0x00000000cb000000, 0x0000000100000000)
  region size 1024K, 8 young (8192K), 8 survivors (8192K)
 Metaspace       used 62440K, capacity 64130K, committed 64256K, reserved 1103872K
  class space    used 8218K, capacity 8885K, committed 8960K, reserved 1048576K
}
Event: 65,129 GC heap before
{Heap before GC invocations=24 (full 0):
 garbage-first heap   total 128000K, used 94298K [0x00000000cb000000, 0x0000000100000000)
  region size 1024K, 64 young (65536K), 8 survivors (8192K)
 Metaspace       used 65526K, capacity 67377K, committed 67584K, reserved 1107968K
  class space    used 8634K, capacity 9366K, committed 9472K, reserved 1048576K
}

